*** Starting uWSGI 2.0.17 (64bit) on [Mon Apr 30 03:18:49 2018] ***
compiled with version: 6.3.0 20170516 on 29 April 2018 21:32:30
os: Linux-4.9.87-linuxkit-aufs #1 SMP Wed Mar 14 15:12:16 UTC 2018
nodename: a76113f74482
machine: x86_64
clock source: unix
detected number of CPU cores: 2
current working directory: /var/evernode
detected binary path: /usr/local/bin/uwsgi
!!! no internal routing support, rebuild with pcre support !!!
setgid() to 33
setuid() to 33
chdir() to /srv/app
your memory page size is 4096 bytes
detected max file descriptor number: 1048576
lock engine: pthread robust mutexes
thunder lock: disabled (you can enable it with --thunder-lock)
uwsgi socket 0 bound to UNIX address /run/uwsgi/uwsgi.sock fd 3
Python version: 3.6.5 (default, Apr 29 2018, 21:30:46)  [GCC 6.3.0 20170516]
Python main interpreter initialized at 0x55ec7d54a2b0
python threads support enabled
your server socket listen backlog is limited to 100 connections
your mercy for graceful operations on workers is 60 seconds
mapped 416880 bytes (407 KB) for 8 cores
*** Operational MODE: preforking+threaded ***
added /srv/app/ to pythonpath.
--- Loaded Modules ---
Loaded Modules: ['core']
--- Loaded Language Files ---
Loaded Dirs: [{'dir': '/srv/app/resources/lang', 'module': 'root'}, {'dir': '/srv/app/modules/core/resources/lang', 'module': 'core'}]
Loaded Language Packs: [{'name': 'root', 'languages': ['en', 'fr'], 'file_packs': [{'file': '/srv/app/resources/lang/en/http_messages.lang', 'name': 'http_messages', 'language': 'en'}, {'file': '/srv/app/resources/lang/en/welcome.lang', 'name': 'welcome', 'language': 'en'}, {'file': '/srv/app/resources/lang/fr/http_messages.lang', 'name': 'http_messages', 'language': 'fr'}, {'file': '/srv/app/resources/lang/fr/welcome.lang', 'name': 'welcome', 'language': 'fr'}]}, {'name': 'core', 'languages': ['en', 'fr'], 'file_packs': [{'file': '/srv/app/modules/core/resources/lang/en/test.lang', 'name': 'test', 'language': 'en'}, {'file': '/srv/app/modules/core/resources/lang/fr/test.lang', 'name': 'test', 'language': 'fr'}]}]
WSGI app 0 (mountpoint='') ready in 0 seconds on interpreter 0x55ec7d54a2b0 pid: 165 (default app)
*** uWSGI is running in multiple interpreter mode ***
spawned uWSGI master process (pid: 165)
spawned uWSGI worker 1 (pid: 170, cores: 2)
spawned uWSGI worker 2 (pid: 171, cores: 2)
Python auto-reloader enabled
spawned uWSGI worker 3 (pid: 174, cores: 2)
spawned uWSGI worker 4 (pid: 175, cores: 2)
